<?xml version="1.0" encoding="UTF-8"?>
<!-- Generated by org.testng.reporters.JUnitReportReporter -->
<testsuite skipped="0" hostname="DESKTOP-O3E0A86" name="TestCase.LoginTest" tests="1" failures="0" timestamp="2020-03-18T20:21:20 IST" time="26.316" errors="0">
  <testcase name="login" time="26.316" classname="TestCase.LoginTest"/>
  <system-out/>
</testsuite> <!-- TestCase.LoginTest -->
